<?xml version="1.0" encoding="UTF-8"?>
<coverage generated="1757152408096" clover="3.2.0">
  <project timestamp="1757152408096" name="All files">
    <metrics statements="76" coveredstatements="76" conditionals="28" coveredconditionals="26" methods="33" coveredmethods="33" elements="137" coveredelements="135" complexity="0" loc="76" ncloc="76" packages="7" files="9" classes="9"/>
    <package name="components">
      <metrics statements="3" coveredstatements="3" conditionals="2" coveredconditionals="1" methods="2" coveredmethods="2"/>
      <file name="SearchButton.tsx" path="/Users/rukmoni/Projects/portfolio/project 6/components/SearchButton.tsx">
        <metrics statements="3" coveredstatements="3" conditionals="2" coveredconditionals="1" methods="2" coveredmethods="2"/>
        <line num="11" count="17" type="stmt"/>
        <line num="13" count="17" type="cond" truecount="1" falsecount="1"/>
        <line num="24" count="1" type="stmt"/>
      </file>
    </package>
    <package name="components.ui">
      <metrics statements="5" coveredstatements="5" conditionals="13" coveredconditionals="12" methods="3" coveredmethods="3"/>
      <file name="Button.tsx" path="/Users/rukmoni/Projects/portfolio/project 6/components/ui/Button.tsx">
        <metrics statements="3" coveredstatements="3" conditionals="7" coveredconditionals="6" methods="2" coveredmethods="2"/>
        <line num="26" count="19" type="stmt"/>
        <line num="28" count="19" type="stmt"/>
        <line num="48" count="1" type="stmt"/>
      </file>
      <file name="Input.tsx" path="/Users/rukmoni/Projects/portfolio/project 6/components/ui/Input.tsx">
        <metrics statements="2" coveredstatements="2" conditionals="6" coveredconditionals="6" methods="1" coveredmethods="1"/>
        <line num="12" count="20" type="stmt"/>
        <line num="26" count="1" type="stmt"/>
      </file>
    </package>
    <package name="constants">
      <metrics statements="4" coveredstatements="4" conditionals="0" coveredconditionals="0" methods="0" coveredmethods="0"/>
      <file name="tokens.ts" path="/Users/rukmoni/Projects/portfolio/project 6/constants/tokens.ts">
        <metrics statements="4" coveredstatements="4" conditionals="0" coveredconditionals="0" methods="0" coveredmethods="0"/>
        <line num="1" count="3" type="stmt"/>
        <line num="28" count="3" type="stmt"/>
        <line num="38" count="3" type="stmt"/>
        <line num="46" count="3" type="stmt"/>
      </file>
    </package>
    <package name="features.auth">
      <metrics statements="29" coveredstatements="29" conditionals="5" coveredconditionals="5" methods="8" coveredmethods="8"/>
      <file name="authService.ts" path="/Users/rukmoni/Projects/portfolio/project 6/features/auth/authService.ts">
        <metrics statements="5" coveredstatements="5" conditionals="0" coveredconditionals="0" methods="4" coveredmethods="4"/>
        <line num="3" count="1" type="stmt"/>
        <line num="12" count="6" type="stmt"/>
        <line num="14" count="6" type="stmt"/>
        <line num="23" count="4" type="stmt"/>
        <line num="24" count="4" type="stmt"/>
      </file>
      <file name="store.ts" path="/Users/rukmoni/Projects/portfolio/project 6/features/auth/store.ts">
        <metrics statements="24" coveredstatements="24" conditionals="5" coveredconditionals="5" methods="4" coveredmethods="4"/>
        <line num="6" count="1" type="stmt"/>
        <line num="24" count="1" type="stmt"/>
        <line num="34" count="9" type="stmt"/>
        <line num="35" count="9" type="stmt"/>
        <line num="36" count="9" type="stmt"/>
        <line num="39" count="8" type="stmt"/>
        <line num="45" count="8" type="stmt"/>
        <line num="47" count="1" type="stmt"/>
        <line num="48" count="1" type="stmt"/>
        <line num="53" count="5" type="stmt"/>
        <line num="54" count="5" type="stmt"/>
        <line num="55" count="5" type="stmt"/>
        <line num="58" count="4" type="stmt"/>
        <line num="64" count="4" type="stmt"/>
        <line num="66" count="1" type="stmt"/>
        <line num="67" count="1" type="stmt"/>
        <line num="72" count="5" type="stmt"/>
        <line num="73" count="5" type="stmt"/>
        <line num="79" count="4" type="cond" truecount="5" falsecount="0"/>
        <line num="80" count="2" type="stmt"/>
        <line num="81" count="1" type="stmt"/>
        <line num="89" count="2" type="stmt"/>
        <line num="92" count="2" type="stmt"/>
        <line num="93" count="2" type="stmt"/>
      </file>
    </package>
    <package name="hooks">
      <metrics statements="4" coveredstatements="4" conditionals="0" coveredconditionals="0" methods="3" coveredmethods="3"/>
      <file name="useAirports.ts" path="/Users/rukmoni/Projects/portfolio/project 6/hooks/useAirports.ts">
        <metrics statements="4" coveredstatements="4" conditionals="0" coveredconditionals="0" methods="3" coveredmethods="3"/>
        <line num="4" count="1" type="stmt"/>
        <line num="18" count="5" type="stmt"/>
        <line num="22" count="2" type="stmt"/>
        <line num="23" count="2" type="stmt"/>
      </file>
    </package>
    <package name="stores">
      <metrics statements="14" coveredstatements="14" conditionals="0" coveredconditionals="0" methods="12" coveredmethods="12"/>
      <file name="searchStore.ts" path="/Users/rukmoni/Projects/portfolio/project 6/stores/searchStore.ts">
        <metrics statements="14" coveredstatements="14" conditionals="0" coveredconditionals="0" methods="12" coveredmethods="12"/>
        <line num="18" count="1" type="stmt"/>
        <line num="33" count="8" type="stmt"/>
        <line num="34" count="11" type="stmt"/>
        <line num="35" count="9" type="stmt"/>
        <line num="36" count="7" type="stmt"/>
        <line num="37" count="5" type="stmt"/>
        <line num="38" count="6" type="stmt"/>
        <line num="39" count="8" type="stmt"/>
        <line num="40" count="6" type="stmt"/>
        <line num="41" count="5" type="stmt"/>
        <line num="44" count="4" type="stmt"/>
        <line num="45" count="4" type="stmt"/>
        <line num="49" count="4" type="stmt"/>
        <line num="50" count="4" type="stmt"/>
      </file>
    </package>
    <package name="utils">
      <metrics statements="17" coveredstatements="17" conditionals="8" coveredconditionals="8" methods="5" coveredmethods="5"/>
      <file name="storage.ts" path="/Users/rukmoni/Projects/portfolio/project 6/utils/storage.ts">
        <metrics statements="17" coveredstatements="17" conditionals="8" coveredconditionals="8" methods="5" coveredmethods="5"/>
        <line num="4" count="1" type="stmt"/>
        <line num="6" count="3" type="stmt"/>
        <line num="7" count="3" type="cond" truecount="2" falsecount="0"/>
        <line num="8" count="2" type="stmt"/>
        <line num="10" count="1" type="stmt"/>
        <line num="18" count="2" type="stmt"/>
        <line num="19" count="2" type="cond" truecount="2" falsecount="0"/>
        <line num="20" count="1" type="stmt"/>
        <line num="22" count="1" type="stmt"/>
        <line num="31" count="2" type="stmt"/>
        <line num="32" count="2" type="cond" truecount="2" falsecount="0"/>
        <line num="33" count="1" type="stmt"/>
        <line num="35" count="1" type="stmt"/>
        <line num="43" count="2" type="stmt"/>
        <line num="44" count="2" type="cond" truecount="2" falsecount="0"/>
        <line num="45" count="3" type="stmt"/>
        <line num="47" count="1" type="stmt"/>
      </file>
    </package>
  </project>
</coverage>
