{"/Users/rukmoni/Projects/portfolio/project 6/components/SearchButton.tsx": {"path":"/Users/rukmoni/Projects/portfolio/project 6/components/SearchButton.tsx","statementMap":{"0":{"start":{"line":11,"column":2},"end":{"line":21,"column":4}},"1":{"start":{"line":13,"column":30},"end":{"line":13,"column":72}},"2":{"start":{"line":24,"column":15},"end":{"line":50,"column":2}}},"fnMap":{"0":{"name":"SearchButton","decl":{"start":{"line":10,"column":16},"end":{"line":10,"column":28}},"loc":{"start":{"line":10,"column":61},"end":{"line":22,"column":1}},"line":10},"1":{"name":"(anonymous_1)","decl":{"start":{"line":13,"column":13},"end":{"line":13,"column":14}},"loc":{"start":{"line":13,"column":30},"end":{"line":13,"column":72}},"line":13}},"branchMap":{"0":{"loc":{"start":{"line":13,"column":46},"end":{"line":13,"column":71}},"type":"binary-expr","locations":[{"start":{"line":13,"column":46},"end":{"line":13,"column":53}},{"start":{"line":13,"column":57},"end":{"line":13,"column":71}}],"line":13}},"s":{"0":17,"1":17,"2":1},"f":{"0":17,"1":17},"b":{"0":[17,0]},"_coverageSchema":"1a1c01bbd47fc00a2c39e90264f33305004495a9","hash":"15826c7cda4f583a98e03988bcb0a3306fafa3c6"}
,"/Users/rukmoni/Projects/portfolio/project 6/components/ui/Button.tsx": {"path":"/Users/rukmoni/Projects/portfolio/project 6/components/ui/Button.tsx","statementMap":{"0":{"start":{"line":26,"column":2},"end":{"line":45,"column":4}},"1":{"start":{"line":28,"column":30},"end":{"line":35,"column":7}},"2":{"start":{"line":48,"column":15},"end":{"line":105,"column":2}}},"fnMap":{"0":{"name":"Button","decl":{"start":{"line":16,"column":16},"end":{"line":16,"column":22}},"loc":{"start":{"line":25,"column":16},"end":{"line":46,"column":1}},"line":25},"1":{"name":"(anonymous_1)","decl":{"start":{"line":28,"column":13},"end":{"line":28,"column":14}},"loc":{"start":{"line":28,"column":30},"end":{"line":35,"column":7}},"line":28}},"branchMap":{"0":{"loc":{"start":{"line":19,"column":2},"end":{"line":19,"column":21}},"type":"default-arg","locations":[{"start":{"line":19,"column":12},"end":{"line":19,"column":21}}],"line":19},"1":{"loc":{"start":{"line":20,"column":2},"end":{"line":20,"column":13}},"type":"default-arg","locations":[{"start":{"line":20,"column":9},"end":{"line":20,"column":13}}],"line":20},"2":{"loc":{"start":{"line":21,"column":2},"end":{"line":21,"column":18}},"type":"default-arg","locations":[{"start":{"line":21,"column":13},"end":{"line":21,"column":18}}],"line":21},"3":{"loc":{"start":{"line":32,"column":8},"end":{"line":32,"column":33}},"type":"binary-expr","locations":[{"start":{"line":32,"column":8},"end":{"line":32,"column":15}},{"start":{"line":32,"column":19},"end":{"line":32,"column":33}}],"line":32},"4":{"loc":{"start":{"line":33,"column":8},"end":{"line":33,"column":35}},"type":"binary-expr","locations":[{"start":{"line":33,"column":8},"end":{"line":33,"column":16}},{"start":{"line":33,"column":20},"end":{"line":33,"column":35}}],"line":33}},"s":{"0":19,"1":19,"2":1},"f":{"0":19,"1":19},"b":{"0":[14],"1":[17],"2":[16],"3":[19,0],"4":[19,3]},"_coverageSchema":"1a1c01bbd47fc00a2c39e90264f33305004495a9","hash":"1cb8596bfe02a16d0a2341bbb866469f5a2f713d"}
,"/Users/rukmoni/Projects/portfolio/project 6/components/ui/Input.tsx": {"path":"/Users/rukmoni/Projects/portfolio/project 6/components/ui/Input.tsx","statementMap":{"0":{"start":{"line":12,"column":2},"end":{"line":23,"column":4}},"1":{"start":{"line":26,"column":15},"end":{"line":53,"column":2}}},"fnMap":{"0":{"name":"Input","decl":{"start":{"line":11,"column":16},"end":{"line":11,"column":21}},"loc":{"start":{"line":11,"column":85},"end":{"line":24,"column":1}},"line":11}},"branchMap":{"0":{"loc":{"start":{"line":14,"column":7},"end":{"line":14,"column":57}},"type":"binary-expr","locations":[{"start":{"line":14,"column":7},"end":{"line":14,"column":12}},{"start":{"line":14,"column":16},"end":{"line":14,"column":57}}],"line":14},"1":{"loc":{"start":{"line":16,"column":30},"end":{"line":16,"column":56}},"type":"binary-expr","locations":[{"start":{"line":16,"column":30},"end":{"line":16,"column":35}},{"start":{"line":16,"column":39},"end":{"line":16,"column":56}}],"line":16},"2":{"loc":{"start":{"line":21,"column":7},"end":{"line":21,"column":57}},"type":"binary-expr","locations":[{"start":{"line":21,"column":7},"end":{"line":21,"column":12}},{"start":{"line":21,"column":16},"end":{"line":21,"column":57}}],"line":21}},"s":{"0":20,"1":1},"f":{"0":20},"b":{"0":[20,3],"1":[20,3],"2":[20,3]},"_coverageSchema":"1a1c01bbd47fc00a2c39e90264f33305004495a9","hash":"aaae96d1ce561c5e3a00917b78aa4031f5636efe"}
,"/Users/rukmoni/Projects/portfolio/project 6/constants/tokens.ts": {"path":"/Users/rukmoni/Projects/portfolio/project 6/constants/tokens.ts","statementMap":{"0":{"start":{"line":1,"column":22},"end":{"line":26,"column":1}},"1":{"start":{"line":28,"column":23},"end":{"line":36,"column":1}},"2":{"start":{"line":38,"column":28},"end":{"line":44,"column":1}},"3":{"start":{"line":46,"column":26},"end":{"line":63,"column":1}}},"fnMap":{},"branchMap":{},"s":{"0":3,"1":3,"2":3,"3":3},"f":{},"b":{},"_coverageSchema":"1a1c01bbd47fc00a2c39e90264f33305004495a9","hash":"d2f6db9d4ead4e590a60a07c0fa7ed4f4f3a45f9"}
,"/Users/rukmoni/Projects/portfolio/project 6/features/auth/authService.ts": {"path":"/Users/rukmoni/Projects/portfolio/project 6/features/auth/authService.ts","statementMap":{"0":{"start":{"line":3,"column":24},"end":{"line":8,"column":1}},"1":{"start":{"line":12,"column":2},"end":{"line":12,"column":58}},"2":{"start":{"line":12,"column":31},"end":{"line":12,"column":56}},"3":{"start":{"line":14,"column":2},"end":{"line":18,"column":4}},"4":{"start":{"line":23,"column":2},"end":{"line":23,"column":57}},"5":{"start":{"line":23,"column":31},"end":{"line":23,"column":55}},"6":{"start":{"line":24,"column":2},"end":{"line":24,"column":14}}},"fnMap":{"0":{"name":"mockLogin","decl":{"start":{"line":10,"column":22},"end":{"line":10,"column":31}},"loc":{"start":{"line":10,"column":57},"end":{"line":19,"column":1}},"line":10},"1":{"name":"(anonymous_1)","decl":{"start":{"line":12,"column":20},"end":{"line":12,"column":21}},"loc":{"start":{"line":12,"column":31},"end":{"line":12,"column":56}},"line":12},"2":{"name":"mockLogout","decl":{"start":{"line":21,"column":22},"end":{"line":21,"column":32}},"loc":{"start":{"line":21,"column":53},"end":{"line":25,"column":1}},"line":21},"3":{"name":"(anonymous_3)","decl":{"start":{"line":23,"column":20},"end":{"line":23,"column":21}},"loc":{"start":{"line":23,"column":31},"end":{"line":23,"column":55}},"line":23}},"branchMap":{},"s":{"0":1,"1":6,"2":6,"3":6,"4":4,"5":4,"6":4},"f":{"0":6,"1":6,"2":4,"3":4},"b":{},"_coverageSchema":"1a1c01bbd47fc00a2c39e90264f33305004495a9","hash":"958e23e81835a708dd0071c9c27776eb2ae49171"}
,"/Users/rukmoni/Projects/portfolio/project 6/features/auth/store.ts": {"path":"/Users/rukmoni/Projects/portfolio/project 6/features/auth/store.ts","statementMap":{"0":{"start":{"line":6,"column":26},"end":{"line":10,"column":10}},"1":{"start":{"line":24,"column":23},"end":{"line":96,"column":3}},"2":{"start":{"line":24,"column":51},"end":{"line":96,"column":1}},"3":{"start":{"line":34,"column":4},"end":{"line":34,"column":29}},"4":{"start":{"line":35,"column":4},"end":{"line":49,"column":5}},"5":{"start":{"line":36,"column":40},"end":{"line":36,"column":57}},"6":{"start":{"line":39,"column":6},"end":{"line":43,"column":9}},"7":{"start":{"line":45,"column":6},"end":{"line":45,"column":73}},"8":{"start":{"line":47,"column":6},"end":{"line":47,"column":32}},"9":{"start":{"line":48,"column":6},"end":{"line":48,"column":18}},"10":{"start":{"line":53,"column":4},"end":{"line":53,"column":29}},"11":{"start":{"line":54,"column":4},"end":{"line":68,"column":5}},"12":{"start":{"line":55,"column":6},"end":{"line":55,"column":25}},"13":{"start":{"line":58,"column":6},"end":{"line":62,"column":9}},"14":{"start":{"line":64,"column":6},"end":{"line":64,"column":92}},"15":{"start":{"line":66,"column":6},"end":{"line":66,"column":32}},"16":{"start":{"line":67,"column":6},"end":{"line":67,"column":18}},"17":{"start":{"line":72,"column":4},"end":{"line":94,"column":5}},"18":{"start":{"line":73,"column":42},"end":{"line":77,"column":8}},"19":{"start":{"line":79,"column":6},"end":{"line":90,"column":7}},"20":{"start":{"line":80,"column":21},"end":{"line":80,"column":41}},"21":{"start":{"line":81,"column":8},"end":{"line":87,"column":11}},"22":{"start":{"line":89,"column":8},"end":{"line":89,"column":36}},"23":{"start":{"line":92,"column":6},"end":{"line":92,"column":60}},"24":{"start":{"line":93,"column":6},"end":{"line":93,"column":34}}},"fnMap":{"0":{"name":"(anonymous_0)","decl":{"start":{"line":24,"column":41},"end":{"line":24,"column":42}},"loc":{"start":{"line":24,"column":51},"end":{"line":96,"column":1}},"line":24},"1":{"name":"(anonymous_1)","decl":{"start":{"line":33,"column":9},"end":{"line":33,"column":10}},"loc":{"start":{"line":33,"column":21},"end":{"line":50,"column":3}},"line":33},"2":{"name":"(anonymous_2)","decl":{"start":{"line":52,"column":10},"end":{"line":52,"column":11}},"loc":{"start":{"line":52,"column":22},"end":{"line":69,"column":3}},"line":52},"3":{"name":"(anonymous_3)","decl":{"start":{"line":71,"column":17},"end":{"line":71,"column":18}},"loc":{"start":{"line":71,"column":29},"end":{"line":95,"column":3}},"line":71}},"branchMap":{"0":{"loc":{"start":{"line":79,"column":6},"end":{"line":90,"column":7}},"type":"if","locations":[{"start":{"line":79,"column":6},"end":{"line":90,"column":7}},{"start":{"line":88,"column":13},"end":{"line":90,"column":7}}],"line":79},"1":{"loc":{"start":{"line":79,"column":10},"end":{"line":79,"column":39}},"type":"binary-expr","locations":[{"start":{"line":79,"column":10},"end":{"line":79,"column":18}},{"start":{"line":79,"column":22},"end":{"line":79,"column":31}},{"start":{"line":79,"column":35},"end":{"line":79,"column":39}}],"line":79}},"s":{"0":1,"1":1,"2":1,"3":9,"4":9,"5":9,"6":8,"7":8,"8":1,"9":1,"10":5,"11":5,"12":5,"13":4,"14":4,"15":1,"16":1,"17":5,"18":5,"19":4,"20":2,"21":1,"22":2,"23":2,"24":2},"f":{"0":1,"1":9,"2":5,"3":5},"b":{"0":[2,2],"1":[4,3,2]},"_coverageSchema":"1a1c01bbd47fc00a2c39e90264f33305004495a9","hash":"63420edef441d449e3c351f98f3b8c3102e1f730"}
,"/Users/rukmoni/Projects/portfolio/project 6/hooks/useAirports.ts": {"path":"/Users/rukmoni/Projects/portfolio/project 6/hooks/useAirports.ts","statementMap":{"0":{"start":{"line":4,"column":32},"end":{"line":15,"column":1}},"1":{"start":{"line":18,"column":2},"end":{"line":26,"column":5}},"2":{"start":{"line":22,"column":6},"end":{"line":22,"column":61}},"3":{"start":{"line":22,"column":35},"end":{"line":22,"column":59}},"4":{"start":{"line":23,"column":6},"end":{"line":23,"column":26}}},"fnMap":{"0":{"name":"useAirports","decl":{"start":{"line":17,"column":16},"end":{"line":17,"column":27}},"loc":{"start":{"line":17,"column":30},"end":{"line":27,"column":1}},"line":17},"1":{"name":"(anonymous_1)","decl":{"start":{"line":20,"column":13},"end":{"line":20,"column":14}},"loc":{"start":{"line":20,"column":45},"end":{"line":24,"column":5}},"line":20},"2":{"name":"(anonymous_2)","decl":{"start":{"line":22,"column":24},"end":{"line":22,"column":25}},"loc":{"start":{"line":22,"column":35},"end":{"line":22,"column":59}},"line":22}},"branchMap":{},"s":{"0":1,"1":5,"2":2,"3":2,"4":2},"f":{"0":5,"1":2,"2":2},"b":{},"_coverageSchema":"1a1c01bbd47fc00a2c39e90264f33305004495a9","hash":"3e16b79d915c5f530498d19ff100a386e3f837cf"}
,"/Users/rukmoni/Projects/portfolio/project 6/stores/searchStore.ts": {"path":"/Users/rukmoni/Projects/portfolio/project 6/stores/searchStore.ts","statementMap":{"0":{"start":{"line":18,"column":30},"end":{"line":62,"column":3}},"1":{"start":{"line":18,"column":65},"end":{"line":62,"column":1}},"2":{"start":{"line":33,"column":25},"end":{"line":33,"column":48}},"3":{"start":{"line":34,"column":24},"end":{"line":34,"column":46}},"4":{"start":{"line":35,"column":22},"end":{"line":35,"column":42}},"5":{"start":{"line":36,"column":27},"end":{"line":36,"column":52}},"6":{"start":{"line":37,"column":27},"end":{"line":37,"column":52}},"7":{"start":{"line":38,"column":33},"end":{"line":38,"column":52}},"8":{"start":{"line":39,"column":27},"end":{"line":39,"column":52}},"9":{"start":{"line":40,"column":26},"end":{"line":40,"column":50}},"10":{"start":{"line":41,"column":28},"end":{"line":41,"column":54}},"11":{"start":{"line":44,"column":25},"end":{"line":44,"column":30}},"12":{"start":{"line":45,"column":4},"end":{"line":45,"column":32}},"13":{"start":{"line":49,"column":18},"end":{"line":49,"column":23}},"14":{"start":{"line":50,"column":4},"end":{"line":60,"column":6}}},"fnMap":{"0":{"name":"(anonymous_0)","decl":{"start":{"line":18,"column":50},"end":{"line":18,"column":51}},"loc":{"start":{"line":18,"column":65},"end":{"line":62,"column":1}},"line":18},"1":{"name":"(anonymous_1)","decl":{"start":{"line":33,"column":15},"end":{"line":33,"column":16}},"loc":{"start":{"line":33,"column":25},"end":{"line":33,"column":48}},"line":33},"2":{"name":"(anonymous_2)","decl":{"start":{"line":34,"column":11},"end":{"line":34,"column":12}},"loc":{"start":{"line":34,"column":24},"end":{"line":34,"column":46}},"line":34},"3":{"name":"(anonymous_3)","decl":{"start":{"line":35,"column":9},"end":{"line":35,"column":10}},"loc":{"start":{"line":35,"column":22},"end":{"line":35,"column":42}},"line":35},"4":{"name":"(anonymous_4)","decl":{"start":{"line":36,"column":17},"end":{"line":36,"column":18}},"loc":{"start":{"line":36,"column":27},"end":{"line":36,"column":52}},"line":36},"5":{"name":"(anonymous_5)","decl":{"start":{"line":37,"column":17},"end":{"line":37,"column":18}},"loc":{"start":{"line":37,"column":27},"end":{"line":37,"column":52}},"line":37},"6":{"name":"(anonymous_6)","decl":{"start":{"line":38,"column":17},"end":{"line":38,"column":18}},"loc":{"start":{"line":38,"column":33},"end":{"line":38,"column":52}},"line":38},"7":{"name":"(anonymous_7)","decl":{"start":{"line":39,"column":12},"end":{"line":39,"column":13}},"loc":{"start":{"line":39,"column":27},"end":{"line":39,"column":52}},"line":39},"8":{"name":"(anonymous_8)","decl":{"start":{"line":40,"column":16},"end":{"line":40,"column":17}},"loc":{"start":{"line":40,"column":26},"end":{"line":40,"column":50}},"line":40},"9":{"name":"(anonymous_9)","decl":{"start":{"line":41,"column":18},"end":{"line":41,"column":19}},"loc":{"start":{"line":41,"column":28},"end":{"line":41,"column":54}},"line":41},"10":{"name":"(anonymous_10)","decl":{"start":{"line":43,"column":17},"end":{"line":43,"column":18}},"loc":{"start":{"line":43,"column":23},"end":{"line":46,"column":3}},"line":43},"11":{"name":"(anonymous_11)","decl":{"start":{"line":48,"column":20},"end":{"line":48,"column":21}},"loc":{"start":{"line":48,"column":26},"end":{"line":61,"column":3}},"line":48}},"branchMap":{},"s":{"0":1,"1":1,"2":8,"3":11,"4":9,"5":7,"6":5,"7":6,"8":8,"9":6,"10":5,"11":4,"12":4,"13":4,"14":4},"f":{"0":1,"1":8,"2":11,"3":9,"4":7,"5":5,"6":6,"7":8,"8":6,"9":5,"10":4,"11":4},"b":{},"_coverageSchema":"1a1c01bbd47fc00a2c39e90264f33305004495a9","hash":"1b639bc17054dfd4becef03664fb6c5dd3c7ba14"}
,"/Users/rukmoni/Projects/portfolio/project 6/utils/storage.ts": {"path":"/Users/rukmoni/Projects/portfolio/project 6/utils/storage.ts","statementMap":{"0":{"start":{"line":4,"column":23},"end":{"line":53,"column":1}},"1":{"start":{"line":6,"column":4},"end":{"line":14,"column":5}},"2":{"start":{"line":7,"column":6},"end":{"line":11,"column":7}},"3":{"start":{"line":8,"column":8},"end":{"line":8,"column":41}},"4":{"start":{"line":10,"column":8},"end":{"line":10,"column":47}},"5":{"start":{"line":18,"column":4},"end":{"line":27,"column":5}},"6":{"start":{"line":19,"column":6},"end":{"line":23,"column":7}},"7":{"start":{"line":20,"column":8},"end":{"line":20,"column":41}},"8":{"start":{"line":22,"column":8},"end":{"line":22,"column":47}},"9":{"start":{"line":31,"column":4},"end":{"line":39,"column":5}},"10":{"start":{"line":32,"column":6},"end":{"line":36,"column":7}},"11":{"start":{"line":33,"column":8},"end":{"line":33,"column":37}},"12":{"start":{"line":35,"column":8},"end":{"line":35,"column":43}},"13":{"start":{"line":43,"column":4},"end":{"line":51,"column":5}},"14":{"start":{"line":44,"column":6},"end":{"line":48,"column":7}},"15":{"start":{"line":45,"column":8},"end":{"line":45,"column":58}},"16":{"start":{"line":45,"column":28},"end":{"line":45,"column":56}},"17":{"start":{"line":47,"column":8},"end":{"line":47,"column":45}}},"fnMap":{"0":{"name":"(anonymous_0)","decl":{"start":{"line":5,"column":2},"end":{"line":5,"column":3}},"loc":{"start":{"line":5,"column":59},"end":{"line":15,"column":3}},"line":5},"1":{"name":"(anonymous_1)","decl":{"start":{"line":17,"column":2},"end":{"line":17,"column":3}},"loc":{"start":{"line":17,"column":53},"end":{"line":28,"column":3}},"line":17},"2":{"name":"(anonymous_2)","decl":{"start":{"line":30,"column":2},"end":{"line":30,"column":3}},"loc":{"start":{"line":30,"column":47},"end":{"line":40,"column":3}},"line":30},"3":{"name":"(anonymous_3)","decl":{"start":{"line":42,"column":2},"end":{"line":42,"column":3}},"loc":{"start":{"line":42,"column":51},"end":{"line":52,"column":3}},"line":42},"4":{"name":"(anonymous_4)","decl":{"start":{"line":45,"column":21},"end":{"line":45,"column":22}},"loc":{"start":{"line":45,"column":28},"end":{"line":45,"column":56}},"line":45}},"branchMap":{"0":{"loc":{"start":{"line":7,"column":6},"end":{"line":11,"column":7}},"type":"if","locations":[{"start":{"line":7,"column":6},"end":{"line":11,"column":7}},{"start":{"line":9,"column":13},"end":{"line":11,"column":7}}],"line":7},"1":{"loc":{"start":{"line":19,"column":6},"end":{"line":23,"column":7}},"type":"if","locations":[{"start":{"line":19,"column":6},"end":{"line":23,"column":7}},{"start":{"line":21,"column":13},"end":{"line":23,"column":7}}],"line":19},"2":{"loc":{"start":{"line":32,"column":6},"end":{"line":36,"column":7}},"type":"if","locations":[{"start":{"line":32,"column":6},"end":{"line":36,"column":7}},{"start":{"line":34,"column":13},"end":{"line":36,"column":7}}],"line":32},"3":{"loc":{"start":{"line":44,"column":6},"end":{"line":48,"column":7}},"type":"if","locations":[{"start":{"line":44,"column":6},"end":{"line":48,"column":7}},{"start":{"line":46,"column":13},"end":{"line":48,"column":7}}],"line":44}},"s":{"0":1,"1":3,"2":3,"3":2,"4":1,"5":2,"6":2,"7":1,"8":1,"9":2,"10":2,"11":1,"12":1,"13":2,"14":2,"15":1,"16":3,"17":1},"f":{"0":3,"1":2,"2":2,"3":2,"4":3},"b":{"0":[2,1],"1":[1,1],"2":[1,1],"3":[1,1]},"_coverageSchema":"1a1c01bbd47fc00a2c39e90264f33305004495a9","hash":"570c4be6675e150d6973b09dd7cb2f65b6e8ce9c"}
}
