TN:
SF:components/SearchButton.tsx
FN:10,SearchButton
FN:13,(anonymous_1)
FNF:2
FNH:2
FNDA:17,SearchButton
FNDA:17,(anonymous_1)
DA:11,17
DA:13,17
DA:24,1
LF:3
LH:3
BRDA:13,0,0,17
BRDA:13,0,1,0
BRF:2
BRH:1
end_of_record
TN:
SF:components/ui/Button.tsx
FN:16,Button
FN:28,(anonymous_1)
FNF:2
FNH:2
FNDA:19,Button
FNDA:19,(anonymous_1)
DA:26,19
DA:28,19
DA:48,1
LF:3
LH:3
BRDA:19,0,0,14
BRDA:20,1,0,17
BRDA:21,2,0,16
BRDA:32,3,0,19
BRDA:32,3,1,0
BRDA:33,4,0,19
BRDA:33,4,1,3
BRF:7
BRH:6
end_of_record
TN:
SF:components/ui/Input.tsx
FN:11,Input
FNF:1
FNH:1
FNDA:20,Input
DA:12,20
DA:26,1
LF:2
LH:2
BRDA:14,0,0,20
BRDA:14,0,1,3
BRDA:16,1,0,20
BRDA:16,1,1,3
BRDA:21,2,0,20
BRDA:21,2,1,3
BRF:6
BRH:6
end_of_record
TN:
SF:constants/tokens.ts
FNF:0
FNH:0
DA:1,3
DA:28,3
DA:38,3
DA:46,3
LF:4
LH:4
BRF:0
BRH:0
end_of_record
TN:
SF:features/auth/authService.ts
FN:10,mockLogin
FN:12,(anonymous_1)
FN:21,mockLogout
FN:23,(anonymous_3)
FNF:4
FNH:4
FNDA:6,mockLogin
FNDA:6,(anonymous_1)
FNDA:4,mockLogout
FNDA:4,(anonymous_3)
DA:3,1
DA:12,6
DA:14,6
DA:23,4
DA:24,4
LF:5
LH:5
BRF:0
BRH:0
end_of_record
TN:
SF:features/auth/store.ts
FN:24,(anonymous_0)
FN:33,(anonymous_1)
FN:52,(anonymous_2)
FN:71,(anonymous_3)
FNF:4
FNH:4
FNDA:1,(anonymous_0)
FNDA:9,(anonymous_1)
FNDA:5,(anonymous_2)
FNDA:5,(anonymous_3)
DA:6,1
DA:24,1
DA:34,9
DA:35,9
DA:36,9
DA:39,8
DA:45,8
DA:47,1
DA:48,1
DA:53,5
DA:54,5
DA:55,5
DA:58,4
DA:64,4
DA:66,1
DA:67,1
DA:72,5
DA:73,5
DA:79,4
DA:80,2
DA:81,1
DA:89,2
DA:92,2
DA:93,2
LF:24
LH:24
BRDA:79,0,0,2
BRDA:79,0,1,2
BRDA:79,1,0,4
BRDA:79,1,1,3
BRDA:79,1,2,2
BRF:5
BRH:5
end_of_record
TN:
SF:hooks/useAirports.ts
FN:17,useAirports
FN:20,(anonymous_1)
FN:22,(anonymous_2)
FNF:3
FNH:3
FNDA:5,useAirports
FNDA:2,(anonymous_1)
FNDA:2,(anonymous_2)
DA:4,1
DA:18,5
DA:22,2
DA:23,2
LF:4
LH:4
BRF:0
BRH:0
end_of_record
TN:
SF:stores/searchStore.ts
FN:18,(anonymous_0)
FN:33,(anonymous_1)
FN:34,(anonymous_2)
FN:35,(anonymous_3)
FN:36,(anonymous_4)
FN:37,(anonymous_5)
FN:38,(anonymous_6)
FN:39,(anonymous_7)
FN:40,(anonymous_8)
FN:41,(anonymous_9)
FN:43,(anonymous_10)
FN:48,(anonymous_11)
FNF:12
FNH:12
FNDA:1,(anonymous_0)
FNDA:8,(anonymous_1)
FNDA:11,(anonymous_2)
FNDA:9,(anonymous_3)
FNDA:7,(anonymous_4)
FNDA:5,(anonymous_5)
FNDA:6,(anonymous_6)
FNDA:8,(anonymous_7)
FNDA:6,(anonymous_8)
FNDA:5,(anonymous_9)
FNDA:4,(anonymous_10)
FNDA:4,(anonymous_11)
DA:18,1
DA:33,8
DA:34,11
DA:35,9
DA:36,7
DA:37,5
DA:38,6
DA:39,8
DA:40,6
DA:41,5
DA:44,4
DA:45,4
DA:49,4
DA:50,4
LF:14
LH:14
BRF:0
BRH:0
end_of_record
TN:
SF:utils/storage.ts
FN:5,(anonymous_0)
FN:17,(anonymous_1)
FN:30,(anonymous_2)
FN:42,(anonymous_3)
FN:45,(anonymous_4)
FNF:5
FNH:5
FNDA:3,(anonymous_0)
FNDA:2,(anonymous_1)
FNDA:2,(anonymous_2)
FNDA:2,(anonymous_3)
FNDA:3,(anonymous_4)
DA:4,1
DA:6,3
DA:7,3
DA:8,2
DA:10,1
DA:18,2
DA:19,2
DA:20,1
DA:22,1
DA:31,2
DA:32,2
DA:33,1
DA:35,1
DA:43,2
DA:44,2
DA:45,3
DA:47,1
LF:17
LH:17
BRDA:7,0,0,2
BRDA:7,0,1,1
BRDA:19,1,0,1
BRDA:19,1,1,1
BRDA:32,2,0,1
BRDA:32,2,1,1
BRDA:44,3,0,1
BRDA:44,3,1,1
BRF:8
BRH:8
end_of_record
